<?xml version="1.0" encoding="UTF-8"?>
<testsuite name="org.gradle.TestCalulate" tests="1" skipped="0" failures="0" errors="0" timestamp="2014-12-07T13:16:34" hostname="Home-PC" time="0.033">
  <properties/>
  <testcase name="test" classname="org.gradle.TestCalulate" time="0.033"/>
  <system-out><![CDATA[27
]]></system-out>
  <system-err><![CDATA[]]></system-err>
</testsuite>
